<?xml version="1.0" encoding="UTF-8"?>
<!-- Generated by org.testng.reporters.JUnitXMLReporter -->
<testsuite hostname="kantharaj-PC" ignored="0" name="Test-Chrome" tests="1" failures="1" timestamp="2023-06-01T11:32:28 IST" time="0.265" errors="0">
  <testcase name="tester" time="0.175" classname="ParallelExecutionChapter.ParallelExec">
    <failure type="java.lang.IllegalStateException" message="The driver executable does not exist: C:\Users\kantharaj\eclipse-workspace\HoSelenium\value">
      <![CDATA[java.lang.IllegalStateException: The driver executable does not exist: C:\Users\kantharaj\eclipse-workspace\HoSelenium\value
at com.google.common.base.Preconditions.checkState(Preconditions.java:585)
at org.openqa.selenium.remote.service.DriverService.checkExecutable(DriverService.java:146)
at org.openqa.selenium.remote.service.DriverService.findExecutable(DriverService.java:141)
at org.openqa.selenium.chrome.ChromeDriverService.access$000(ChromeDriverService.java:35)
at org.openqa.selenium.chrome.ChromeDriverService$Builder.findDefaultExecutable(ChromeDriverService.java:159)
at org.openqa.selenium.remote.service.DriverService$Builder.build(DriverService.java:355)
at org.openqa.selenium.chrome.ChromeDriverService.createDefaultService(ChromeDriverService.java:94)
at org.openqa.selenium.chrome.ChromeDriver.<init>(ChromeDriver.java:123)
at ParallelExecutionChapter.ParallelExec.tester(ParallelExec.java:20)
at java.util.ArrayList.forEach(ArrayList.java:1259)
at java.util.concurrent.FutureTask.run(FutureTask.java:266)
at java.util.concurrent.ThreadPoolExecutor.runWorker(ThreadPoolExecutor.java:1149)
at java.util.concurrent.ThreadPoolExecutor$Worker.run(ThreadPoolExecutor.java:624)
at java.lang.Thread.run(Thread.java:750)
... Removed 18 stack frames]]>
    </failure>
  </testcase> <!-- tester -->
</testsuite> <!-- Test-Chrome -->
